# JRE version: OpenJDK Runtime Environment Temurin-17.0.9+9 (17.0.9+9) (build 17.0.9+9)
# Java VM: OpenJDK 64-Bit Server VM Temurin-17.0.9+9 (17.0.9+9, mixed mode, emulated-client, tiered, compressed oops, compressed class ptrs, g1 gc, windows-amd64)
GC Precious Log:
 CPUs: 8 total, 8 available
 Memory: 7975M
 Large Page Support: Disabled
 NUMA Support: Disabled
 Compressed Oops: Enabled (32-bit)
 Heap Region Size: 1M
 Heap Min Capacity: 8M
 Heap Initial Capacity: 126M
 Heap Max Capacity: 1G
 Pre-touch: Disabled
 Parallel Workers: 8
 Concurrent Workers: 2
 Concurrent Refinement Workers: 8
 Periodic GC: Disabled
Heap:
 garbage-first heap   total 75776K, used 37718K [0x00000000c0000000, 0x0000000100000000)
  region size 1024K, 18 young (18432K), 4 survivors (4096K)
 Metaspace       used 34087K, committed 34368K, reserved 1114112K
  class space    used 4353K, committed 4480K, reserved 1048576K
GC Heap History (10 events):
Event: 40.625 GC heap before
{Heap before GC invocations=0 (full 0):
 garbage-first heap   total 129024K, used 26624K [0x00000000c0000000, 0x0000000100000000)
  region size 1024K, 23 young (23552K), 0 survivors (0K)
 Metaspace       used 8257K, committed 8384K, reserved 1114112K
  class space    used 927K, committed 1024K, reserved 1048576K
}
Event: 40.754 GC heap after
{Heap after GC invocations=1 (full 0):
 garbage-first heap   total 129024K, used 13957K [0x00000000c0000000, 0x0000000100000000)
  region size 1024K, 3 young (3072K), 3 survivors (3072K)
 Metaspace       used 8257K, committed 8384K, reserved 1114112K
  class space    used 927K, committed 1024K, reserved 1048576K
}
Event: 46.958 GC heap before
{Heap before GC invocations=1 (full 0):
 garbage-first heap   total 129024K, used 32389K [0x00000000c0000000, 0x0000000100000000)
  region size 1024K, 21 young (21504K), 3 survivors (3072K)
 Metaspace       used 13275K, committed 13504K, reserved 1114112K
  class space    used 1636K, committed 1728K, reserved 1048576K
}
Event: 46.966 GC heap after
{Heap after GC invocations=2 (full 0):
 garbage-first heap   total 129024K, used 15564K [0x00000000c0000000, 0x0000000100000000)
  region size 1024K, 2 young (2048K), 2 survivors (2048K)
 Metaspace       used 13275K, committed 13504K, reserved 1114112K
  class space    used 1636K, committed 1728K, reserved 1048576K
}
Event: 51.295 GC heap before
{Heap before GC invocations=2 (full 0):
 garbage-first heap   total 129024K, used 48332K [0x00000000c0000000, 0x0000000100000000)
  region size 1024K, 36 young (36864K), 2 survivors (2048K)
 Metaspace       used 21293K, committed 21504K, reserved 1114112K
  class space    used 2619K, committed 2752K, reserved 1048576K
}
Event: 51.303 GC heap after
{Heap after GC invocations=3 (full 0):
 garbage-first heap   total 129024K, used 18781K [0x00000000c0000000, 0x0000000100000000)
  region size 1024K, 5 young (5120K), 5 survivors (5120K)
 Metaspace       used 21293K, committed 21504K, reserved 1114112K
  class space    used 2619K, committed 2752K, reserved 1048576K
}
Event: 54.864 GC heap before
{Heap before GC invocations=4 (full 0):
 garbage-first heap   total 75776K, used 56669K [0x00000000c0000000, 0x0000000100000000)
  region size 1024K, 44 young (45056K), 5 survivors (5120K)
 Metaspace       used 27977K, committed 28224K, reserved 1114112K
  class space    used 3488K, committed 3584K, reserved 1048576K
}
Event: 54.881 GC heap after
{Heap after GC invocations=5 (full 0):
 garbage-first heap   total 75776K, used 22163K [0x00000000c0000000, 0x0000000100000000)
  region size 1024K, 4 young (4096K), 4 survivors (4096K)
 Metaspace       used 27977K, committed 28224K, reserved 1114112K
  class space    used 3488K, committed 3584K, reserved 1048576K
}
Event: 57.414 GC heap before
{Heap before GC invocations=6 (full 0):
 garbage-first heap   total 75776K, used 47763K [0x00000000c0000000, 0x0000000100000000)
  region size 1024K, 30 young (30720K), 4 survivors (4096K)
 Metaspace       used 31840K, committed 32256K, reserved 1114112K
  class space    used 4042K, committed 4224K, reserved 1048576K
}
Event: 57.429 GC heap after
{Heap after GC invocations=7 (full 0):
 garbage-first heap   total 75776K, used 25430K [0x00000000c0000000, 0x0000000100000000)
  region size 1024K, 4 young (4096K), 4 survivors (4096K)
 Metaspace       used 31840K, committed 32256K, reserved 1114112K
  class space    used 4042K, committed 4224K, reserved 1048576K
}

