# JRE version: Java(TM) SE Runtime Environment (17.0.8+9) (build 17.0.8+9-LTS-211)
# Java VM: Java HotSpot(TM) 64-Bit Server VM (17.0.8+9-LTS-211, mixed mode, emulated-client, sharing, tiered, compressed oops, compressed class ptrs, g1 gc, windows-amd64)
GC Precious Log:
 CPUs: 12 total, 12 available
 Memory: 7541M
 Large Page Support: Disabled
 NUMA Support: Disabled
 Compressed Oops: Enabled (32-bit)
 Heap Region Size: 1M
 Heap Min Capacity: 8M
 Heap Initial Capacity: 118M
 Heap Max Capacity: 1G
 Pre-touch: Disabled
 Parallel Workers: 10
 Concurrent Workers: 3
 Concurrent Refinement Workers: 10
 Periodic GC: Disabled
Heap:
 garbage-first heap   total 96256K, used 27867K [0x00000000c0000000, 0x0000000100000000)
  region size 1024K, 1 young (1024K), 0 survivors (0K)
 Metaspace       used 51095K, committed 51456K, reserved 1114112K
  class space    used 6407K, committed 6592K, reserved 1048576K
GC Heap History (20 events):
Event: 3904.843 GC heap before
{Heap before GC invocations=308 (full 287):
 garbage-first heap   total 96256K, used 27876K [0x00000000c0000000, 0x0000000100000000)
  region size 1024K, 1 young (1024K), 0 survivors (0K)
 Metaspace       used 51095K, committed 51456K, reserved 1114112K
  class space    used 6407K, committed 6592K, reserved 1048576K
}
Event: 3904.868 GC heap after
{Heap after GC invocations=309 (full 288):
 garbage-first heap   total 96256K, used 27876K [0x00000000c0000000, 0x0000000100000000)
  region size 1024K, 0 young (0K), 0 survivors (0K)
 Metaspace       used 51095K, committed 51456K, reserved 1114112K
  class space    used 6407K, committed 6592K, reserved 1048576K
}
Event: 3915.016 GC heap before
{Heap before GC invocations=309 (full 288):
 garbage-first heap   total 96256K, used 27876K [0x00000000c0000000, 0x0000000100000000)
  region size 1024K, 1 young (1024K), 0 survivors (0K)
 Metaspace       used 51095K, committed 51456K, reserved 1114112K
  class space    used 6407K, committed 6592K, reserved 1048576K
}
Event: 3915.043 GC heap after
{Heap after GC invocations=310 (full 289):
 garbage-first heap   total 96256K, used 27876K [0x00000000c0000000, 0x0000000100000000)
  region size 1024K, 0 young (0K), 0 survivors (0K)
 Metaspace       used 51095K, committed 51456K, reserved 1114112K
  class space    used 6407K, committed 6592K, reserved 1048576K
}
Event: 3925.194 GC heap before
{Heap before GC invocations=310 (full 289):
 garbage-first heap   total 96256K, used 27876K [0x00000000c0000000, 0x0000000100000000)
  region size 1024K, 1 young (1024K), 0 survivors (0K)
 Metaspace       used 51095K, committed 51456K, reserved 1114112K
  class space    used 6407K, committed 6592K, reserved 1048576K
}
Event: 3925.220 GC heap after
{Heap after GC invocations=311 (full 290):
 garbage-first heap   total 96256K, used 27876K [0x00000000c0000000, 0x0000000100000000)
  region size 1024K, 0 young (0K), 0 survivors (0K)
 Metaspace       used 51095K, committed 51456K, reserved 1114112K
  class space    used 6407K, committed 6592K, reserved 1048576K
}
Event: 3935.388 GC heap before
{Heap before GC invocations=311 (full 290):
 garbage-first heap   total 96256K, used 27876K [0x00000000c0000000, 0x0000000100000000)
  region size 1024K, 1 young (1024K), 0 survivors (0K)
 Metaspace       used 51095K, committed 51456K, reserved 1114112K
  class space    used 6407K, committed 6592K, reserved 1048576K
}
Event: 3935.415 GC heap after
{Heap after GC invocations=312 (full 291):
 garbage-first heap   total 96256K, used 27876K [0x00000000c0000000, 0x0000000100000000)
  region size 1024K, 0 young (0K), 0 survivors (0K)
 Metaspace       used 51095K, committed 51456K, reserved 1114112K
  class space    used 6407K, committed 6592K, reserved 1048576K
}
Event: 3945.573 GC heap before
{Heap before GC invocations=312 (full 291):
 garbage-first heap   total 96256K, used 27876K [0x00000000c0000000, 0x0000000100000000)
  region size 1024K, 1 young (1024K), 0 survivors (0K)
 Metaspace       used 51095K, committed 51456K, reserved 1114112K
  class space    used 6407K, committed 6592K, reserved 1048576K
}
Event: 3945.600 GC heap after
{Heap after GC invocations=313 (full 292):
 garbage-first heap   total 96256K, used 27876K [0x00000000c0000000, 0x0000000100000000)
  region size 1024K, 0 young (0K), 0 survivors (0K)
 Metaspace       used 51095K, committed 51456K, reserved 1114112K
  class space    used 6407K, committed 6592K, reserved 1048576K
}
Event: 3955.752 GC heap before
{Heap before GC invocations=313 (full 292):
 garbage-first heap   total 96256K, used 27876K [0x00000000c0000000, 0x0000000100000000)
  region size 1024K, 1 young (1024K), 0 survivors (0K)
 Metaspace       used 51095K, committed 51456K, reserved 1114112K
  class space    used 6407K, committed 6592K, reserved 1048576K
}
Event: 3955.779 GC heap after
{Heap after GC invocations=314 (full 293):
 garbage-first heap   total 96256K, used 27867K [0x00000000c0000000, 0x0000000100000000)
  region size 1024K, 0 young (0K), 0 survivors (0K)
 Metaspace       used 51095K, committed 51456K, reserved 1114112K
  class space    used 6407K, committed 6592K, reserved 1048576K
}
Event: 3965.924 GC heap before
{Heap before GC invocations=314 (full 293):
 garbage-first heap   total 96256K, used 27867K [0x00000000c0000000, 0x0000000100000000)
  region size 1024K, 1 young (1024K), 0 survivors (0K)
 Metaspace       used 51095K, committed 51456K, reserved 1114112K
  class space    used 6407K, committed 6592K, reserved 1048576K
}
Event: 3965.949 GC heap after
{Heap after GC invocations=315 (full 294):
 garbage-first heap   total 96256K, used 27867K [0x00000000c0000000, 0x0000000100000000)
  region size 1024K, 0 young (0K), 0 survivors (0K)
 Metaspace       used 51095K, committed 51456K, reserved 1114112K
  class space    used 6407K, committed 6592K, reserved 1048576K
}
Event: 3976.119 GC heap before
{Heap before GC invocations=315 (full 294):
 garbage-first heap   total 96256K, used 27867K [0x00000000c0000000, 0x0000000100000000)
  region size 1024K, 1 young (1024K), 0 survivors (0K)
 Metaspace       used 51095K, committed 51456K, reserved 1114112K
  class space    used 6407K, committed 6592K, reserved 1048576K
}
Event: 3976.152 GC heap after
{Heap after GC invocations=316 (full 295):
 garbage-first heap   total 96256K, used 27867K [0x00000000c0000000, 0x0000000100000000)
  region size 1024K, 0 young (0K), 0 survivors (0K)
 Metaspace       used 51095K, committed 51456K, reserved 1114112K
  class space    used 6407K, committed 6592K, reserved 1048576K
}
Event: 3987.320 GC heap before
{Heap before GC invocations=316 (full 295):
 garbage-first heap   total 96256K, used 27867K [0x00000000c0000000, 0x0000000100000000)
  region size 1024K, 1 young (1024K), 0 survivors (0K)
 Metaspace       used 51095K, committed 51456K, reserved 1114112K
  class space    used 6407K, committed 6592K, reserved 1048576K
}
Event: 3987.385 GC heap after
{Heap after GC invocations=317 (full 296):
 garbage-first heap   total 96256K, used 27867K [0x00000000c0000000, 0x0000000100000000)
  region size 1024K, 0 young (0K), 0 survivors (0K)
 Metaspace       used 51095K, committed 51456K, reserved 1114112K
  class space    used 6407K, committed 6592K, reserved 1048576K
}
Event: 4000.657 GC heap before
{Heap before GC invocations=317 (full 296):
 garbage-first heap   total 96256K, used 27867K [0x00000000c0000000, 0x0000000100000000)
  region size 1024K, 1 young (1024K), 0 survivors (0K)
 Metaspace       used 51095K, committed 51456K, reserved 1114112K
  class space    used 6407K, committed 6592K, reserved 1048576K
}
Event: 4000.827 GC heap after
{Heap after GC invocations=318 (full 297):
 garbage-first heap   total 96256K, used 27867K [0x00000000c0000000, 0x0000000100000000)
  region size 1024K, 0 young (0K), 0 survivors (0K)
 Metaspace       used 51095K, committed 51456K, reserved 1114112K
  class space    used 6407K, committed 6592K, reserved 1048576K
}

